<?xml version="1.0" encoding="UTF-8"?>
<!-- Generated by org.testng.reporters.JUnitXMLReporter -->
<testsuite ignored="0" hostname="LAPTOP-2L6GLUVO" failures="0" tests="3" name="Test" time="165.465" errors="0" timestamp="2021-05-15T19:52:02 SGT">
  <testcase classname="practice.appiumframework.TotalAmountTest" name="validateTotal" time="70.396"/>
  <testcase classname="practice.appiumframework.TotalAmountTest" name="validateTotal" time="52.893"/>
  <testcase classname="practice.appiumframework.PreferencesTest" name="APIDemos" time="27.019"/>
</testsuite> <!-- Test -->
