<?xml version="1.0" encoding="UTF-8"?>
<!-- Generated by org.testng.reporters.JUnitXMLReporter -->
<testsuite hostname="LAPTOP-2L6GLUVO" ignored="0" name="Test" tests="3" failures="0" timestamp="2021-05-16T18:05:01 SGT" time="134.122" errors="0">
  <testcase name="validateTotal" time="54.423" classname="practice.appiumframework.TotalAmountTest"/>
  <testcase name="validateTotal" time="45.961" classname="practice.appiumframework.TotalAmountTest"/>
  <testcase name="APIDemos" time="18.67" classname="practice.appiumframework.PreferencesTest"/>
</testsuite> <!-- Test -->
